# JRE version: OpenJDK Runtime Environment (11.0.15) (build 11.0.15+0-b2043.56-9505619)
# Java VM: OpenJDK 64-Bit Server VM (11.0.15+0-b2043.56-9505619, mixed mode, tiered, compressed oops, g1 gc, windows-amd64)
Heap:
 garbage-first heap   total 437248K, used 238267K [0x0000000080000000, 0x0000000100000000)
  region size 1024K, 8 young (8192K), 8 survivors (8192K)
 Metaspace       used 108286K, capacity 111162K, committed 111312K, reserved 1146880K
  class space    used 13879K, capacity 14956K, committed 14976K, reserved 1048576K
GC Heap History (20 events):
Event: 15.504 GC heap after
{Heap after GC invocations=41 (full 0):
 garbage-first heap   total 251904K, used 205555K [0x0000000080000000, 0x0000000100000000)
  region size 1024K, 3 young (3072K), 3 survivors (3072K)
 Metaspace       used 93058K, capacity 95607K, committed 95952K, reserved 1132544K
  class space    used 12064K, capacity 13077K, committed 13184K, reserved 1048576K
}
Event: 15.616 GC heap before
{Heap before GC invocations=41 (full 0):
 garbage-first heap   total 251904K, used 219891K [0x0000000080000000, 0x0000000100000000)
  region size 1024K, 17 young (17408K), 3 survivors (3072K)
 Metaspace       used 93058K, capacity 95607K, committed 95952K, reserved 1132544K
  class space    used 12064K, capacity 13077K, committed 13184K, reserved 1048576K
}
Event: 15.619 GC heap after
{Heap after GC invocations=42 (full 0):
 garbage-first heap   total 251904K, used 206412K [0x0000000080000000, 0x0000000100000000)
  region size 1024K, 3 young (3072K), 3 survivors (3072K)
 Metaspace       used 93058K, capacity 95607K, committed 95952K, reserved 1132544K
  class space    used 12064K, capacity 13077K, committed 13184K, reserved 1048576K
}
Event: 15.758 GC heap before
{Heap before GC invocations=43 (full 0):
 garbage-first heap   total 251904K, used 219724K [0x0000000080000000, 0x0000000100000000)
  region size 1024K, 16 young (16384K), 3 survivors (3072K)
 Metaspace       used 93058K, capacity 95607K, committed 95952K, reserved 1132544K
  class space    used 12064K, capacity 13077K, committed 13184K, reserved 1048576K
}
Event: 15.764 GC heap after
{Heap after GC invocations=44 (full 0):
 garbage-first heap   total 303104K, used 207208K [0x0000000080000000, 0x0000000100000000)
  region size 1024K, 2 young (2048K), 2 survivors (2048K)
 Metaspace       used 93058K, capacity 95607K, committed 95952K, reserved 1132544K
  class space    used 12064K, capacity 13077K, committed 13184K, reserved 1048576K
}
Event: 15.853 GC heap before
{Heap before GC invocations=44 (full 0):
 garbage-first heap   total 303104K, used 219496K [0x0000000080000000, 0x0000000100000000)
  region size 1024K, 14 young (14336K), 2 survivors (2048K)
 Metaspace       used 93058K, capacity 95607K, committed 95952K, reserved 1132544K
  class space    used 12064K, capacity 13077K, committed 13184K, reserved 1048576K
}
Event: 15.856 GC heap after
{Heap after GC invocations=45 (full 0):
 garbage-first heap   total 303104K, used 208130K [0x0000000080000000, 0x0000000100000000)
  region size 1024K, 2 young (2048K), 2 survivors (2048K)
 Metaspace       used 93058K, capacity 95607K, committed 95952K, reserved 1132544K
  class space    used 12064K, capacity 13077K, committed 13184K, reserved 1048576K
}
Event: 16.203 GC heap before
{Heap before GC invocations=45 (full 0):
 garbage-first heap   total 303104K, used 257282K [0x0000000080000000, 0x0000000100000000)
  region size 1024K, 50 young (51200K), 2 survivors (2048K)
 Metaspace       used 93058K, capacity 95607K, committed 95952K, reserved 1132544K
  class space    used 12064K, capacity 13077K, committed 13184K, reserved 1048576K
}
Event: 16.208 GC heap after
{Heap after GC invocations=46 (full 0):
 garbage-first heap   total 303104K, used 210402K [0x0000000080000000, 0x0000000100000000)
  region size 1024K, 5 young (5120K), 5 survivors (5120K)
 Metaspace       used 93058K, capacity 95607K, committed 95952K, reserved 1132544K
  class space    used 12064K, capacity 13077K, committed 13184K, reserved 1048576K
}
Event: 16.496 GC heap before
{Heap before GC invocations=47 (full 0):
 garbage-first heap   total 303104K, used 258530K [0x0000000080000000, 0x0000000100000000)
  region size 1024K, 52 young (53248K), 5 survivors (5120K)
 Metaspace       used 93061K, capacity 95609K, committed 95952K, reserved 1132544K
  class space    used 12064K, capacity 13077K, committed 13184K, reserved 1048576K
}
Event: 16.500 GC heap after
{Heap after GC invocations=48 (full 0):
 garbage-first heap   total 303104K, used 212575K [0x0000000080000000, 0x0000000100000000)
  region size 1024K, 4 young (4096K), 4 survivors (4096K)
 Metaspace       used 93061K, capacity 95609K, committed 95952K, reserved 1132544K
  class space    used 12064K, capacity 13077K, committed 13184K, reserved 1048576K
}
Event: 16.777 GC heap before
{Heap before GC invocations=48 (full 0):
 garbage-first heap   total 303104K, used 254559K [0x0000000080000000, 0x0000000100000000)
  region size 1024K, 46 young (47104K), 4 survivors (4096K)
 Metaspace       used 93094K, capacity 95636K, committed 95952K, reserved 1132544K
  class space    used 12072K, capacity 13086K, committed 13184K, reserved 1048576K
}
Event: 16.785 GC heap after
{Heap after GC invocations=49 (full 0):
 garbage-first heap   total 364544K, used 213908K [0x0000000080000000, 0x0000000100000000)
  region size 1024K, 4 young (4096K), 4 survivors (4096K)
 Metaspace       used 93094K, capacity 95636K, committed 95952K, reserved 1132544K
  class space    used 12072K, capacity 13086K, committed 13184K, reserved 1048576K
}
Event: 17.058 GC heap before
{Heap before GC invocations=50 (full 0):
 garbage-first heap   total 364544K, used 257940K [0x0000000080000000, 0x0000000100000000)
  region size 1024K, 33 young (33792K), 4 survivors (4096K)
 Metaspace       used 93850K, capacity 96433K, committed 96720K, reserved 1132544K
  class space    used 12142K, capacity 13147K, committed 13184K, reserved 1048576K
}
Event: 17.070 GC heap after
{Heap after GC invocations=51 (full 0):
 garbage-first heap   total 364544K, used 221329K [0x0000000080000000, 0x0000000100000000)
  region size 1024K, 11 young (11264K), 11 survivors (11264K)
 Metaspace       used 93850K, capacity 96433K, committed 96720K, reserved 1132544K
  class space    used 12142K, capacity 13147K, committed 13184K, reserved 1048576K
}
Event: 17.996 GC heap before
{Heap before GC invocations=52 (full 0):
 garbage-first heap   total 364544K, used 290961K [0x0000000080000000, 0x0000000100000000)
  region size 1024K, 78 young (79872K), 11 survivors (11264K)
 Metaspace       used 101914K, capacity 104730K, committed 104912K, reserved 1140736K
  class space    used 13163K, capacity 14207K, committed 14208K, reserved 1048576K
}
Event: 18.006 GC heap after
{Heap after GC invocations=53 (full 0):
 garbage-first heap   total 364544K, used 224651K [0x0000000080000000, 0x0000000100000000)
  region size 1024K, 4 young (4096K), 4 survivors (4096K)
 Metaspace       used 101914K, capacity 104730K, committed 104912K, reserved 1140736K
  class space    used 13163K, capacity 14207K, committed 14208K, reserved 1048576K
}
Event: 18.907 GC heap before
{Heap before GC invocations=53 (full 0):
 garbage-first heap   total 364544K, used 295307K [0x0000000080000000, 0x0000000100000000)
  region size 1024K, 73 young (74752K), 4 survivors (4096K)
 Metaspace       used 107462K, capacity 110396K, committed 110544K, reserved 1144832K
  class space    used 13828K, capacity 14914K, committed 14976K, reserved 1048576K
}
Event: 18.921 GC heap after
{Heap after GC invocations=54 (full 0):
 garbage-first heap   total 364544K, used 230835K [0x0000000080000000, 0x0000000100000000)
  region size 1024K, 10 young (10240K), 10 survivors (10240K)
 Metaspace       used 107462K, capacity 110396K, committed 110544K, reserved 1144832K
  class space    used 13828K, capacity 14914K, committed 14976K, reserved 1048576K
}
Event: 19.367 GC heap before
{Heap before GC invocations=55 (full 0):
 garbage-first heap   total 364544K, used 298419K [0x0000000080000000, 0x0000000100000000)
  region size 1024K, 77 young (78848K), 10 survivors (10240K)
 Metaspace       used 108286K, capacity 111162K, committed 111312K, reserved 1146880K
  class space    used 13879K, capacity 14956K, committed 14976K, reserved 1048576K
}

