# JRE version: OpenJDK Runtime Environment (11.0.15) (build 11.0.15+0-b2043.56-9505619)
# Java VM: OpenJDK 64-Bit Server VM (11.0.15+0-b2043.56-9505619, mixed mode, tiered, compressed oops, g1 gc, windows-amd64)
Heap:
 garbage-first heap   total 332800K, used 217254K [0x0000000080000000, 0x0000000100000000)
  region size 1024K, 1 young (1024K), 1 survivors (1024K)
 Metaspace       used 95356K, capacity 98022K, committed 98128K, reserved 1134592K
  class space    used 12230K, capacity 13243K, committed 13312K, reserved 1048576K
GC Heap History (20 events):
Event: 35.261 GC heap after
{Heap after GC invocations=44 (full 0):
 garbage-first heap   total 251904K, used 206305K [0x0000000080000000, 0x0000000100000000)
  region size 1024K, 2 young (2048K), 2 survivors (2048K)
 Metaspace       used 92985K, capacity 95559K, committed 95824K, reserved 1132544K
  class space    used 12026K, capacity 13011K, committed 13056K, reserved 1048576K
}
Event: 35.425 GC heap before
{Heap before GC invocations=45 (full 0):
 garbage-first heap   total 251904K, used 220641K [0x0000000080000000, 0x0000000100000000)
  region size 1024K, 16 young (16384K), 2 survivors (2048K)
 Metaspace       used 92985K, capacity 95559K, committed 95824K, reserved 1132544K
  class space    used 12026K, capacity 13011K, committed 13056K, reserved 1048576K
}
Event: 35.429 GC heap after
{Heap after GC invocations=46 (full 0):
 garbage-first heap   total 251904K, used 207557K [0x0000000080000000, 0x0000000100000000)
  region size 1024K, 2 young (2048K), 2 survivors (2048K)
 Metaspace       used 92985K, capacity 95559K, committed 95824K, reserved 1132544K
  class space    used 12026K, capacity 13011K, committed 13056K, reserved 1048576K
}
Event: 35.560 GC heap before
{Heap before GC invocations=46 (full 0):
 garbage-first heap   total 251904K, used 220869K [0x0000000080000000, 0x0000000100000000)
  region size 1024K, 15 young (15360K), 2 survivors (2048K)
 Metaspace       used 92985K, capacity 95559K, committed 95824K, reserved 1132544K
  class space    used 12026K, capacity 13011K, committed 13056K, reserved 1048576K
}
Event: 35.563 GC heap after
{Heap after GC invocations=47 (full 0):
 garbage-first heap   total 251904K, used 208554K [0x0000000080000000, 0x0000000100000000)
  region size 1024K, 2 young (2048K), 2 survivors (2048K)
 Metaspace       used 92985K, capacity 95559K, committed 95824K, reserved 1132544K
  class space    used 12026K, capacity 13011K, committed 13056K, reserved 1048576K
}
Event: 35.740 GC heap before
{Heap before GC invocations=48 (full 0):
 garbage-first heap   total 251904K, used 220842K [0x0000000080000000, 0x0000000100000000)
  region size 1024K, 14 young (14336K), 2 survivors (2048K)
 Metaspace       used 92985K, capacity 95559K, committed 95824K, reserved 1132544K
  class space    used 12026K, capacity 13011K, committed 13056K, reserved 1048576K
}
Event: 35.744 GC heap after
{Heap after GC invocations=49 (full 0):
 garbage-first heap   total 251904K, used 209593K [0x0000000080000000, 0x0000000100000000)
  region size 1024K, 2 young (2048K), 2 survivors (2048K)
 Metaspace       used 92985K, capacity 95559K, committed 95824K, reserved 1132544K
  class space    used 12026K, capacity 13011K, committed 13056K, reserved 1048576K
}
Event: 35.855 GC heap before
{Heap before GC invocations=49 (full 0):
 garbage-first heap   total 251904K, used 218809K [0x0000000080000000, 0x0000000100000000)
  region size 1024K, 12 young (12288K), 2 survivors (2048K)
 Metaspace       used 92985K, capacity 95559K, committed 95824K, reserved 1132544K
  class space    used 12026K, capacity 13011K, committed 13056K, reserved 1048576K
}
Event: 35.857 GC heap after
{Heap after GC invocations=50 (full 0):
 garbage-first heap   total 251904K, used 209643K [0x0000000080000000, 0x0000000100000000)
  region size 1024K, 2 young (2048K), 2 survivors (2048K)
 Metaspace       used 92985K, capacity 95559K, committed 95824K, reserved 1132544K
  class space    used 12026K, capacity 13011K, committed 13056K, reserved 1048576K
}
Event: 35.981 GC heap before
{Heap before GC invocations=50 (full 0):
 garbage-first heap   total 251904K, used 220907K [0x0000000080000000, 0x0000000100000000)
  region size 1024K, 13 young (13312K), 2 survivors (2048K)
 Metaspace       used 92985K, capacity 95559K, committed 95824K, reserved 1132544K
  class space    used 12026K, capacity 13011K, committed 13056K, reserved 1048576K
}
Event: 35.984 GC heap after
{Heap after GC invocations=51 (full 0):
 garbage-first heap   total 251904K, used 210620K [0x0000000080000000, 0x0000000100000000)
  region size 1024K, 2 young (2048K), 2 survivors (2048K)
 Metaspace       used 92985K, capacity 95559K, committed 95824K, reserved 1132544K
  class space    used 12026K, capacity 13011K, committed 13056K, reserved 1048576K
}
Event: 36.334 GC heap before
{Heap before GC invocations=52 (full 0):
 garbage-first heap   total 251904K, used 237244K [0x0000000080000000, 0x0000000100000000)
  region size 1024K, 12 young (12288K), 2 survivors (2048K)
 Metaspace       used 93022K, capacity 95586K, committed 95824K, reserved 1132544K
  class space    used 12034K, capacity 13020K, committed 13056K, reserved 1048576K
}
Event: 36.341 GC heap after
{Heap after GC invocations=53 (full 0):
 garbage-first heap   total 251904K, used 225326K [0x0000000080000000, 0x0000000100000000)
  region size 1024K, 2 young (2048K), 2 survivors (2048K)
 Metaspace       used 93022K, capacity 95586K, committed 95824K, reserved 1132544K
  class space    used 12034K, capacity 13020K, committed 13056K, reserved 1048576K
}
Event: 36.430 GC heap before
{Heap before GC invocations=53 (full 0):
 garbage-first heap   total 251904K, used 235566K [0x0000000080000000, 0x0000000100000000)
  region size 1024K, 12 young (12288K), 2 survivors (2048K)
 Metaspace       used 93022K, capacity 95586K, committed 95824K, reserved 1132544K
  class space    used 12034K, capacity 13020K, committed 13056K, reserved 1048576K
}
Event: 36.443 GC heap after
{Heap after GC invocations=54 (full 0):
 garbage-first heap   total 251904K, used 216007K [0x0000000080000000, 0x0000000100000000)
  region size 1024K, 2 young (2048K), 2 survivors (2048K)
 Metaspace       used 93022K, capacity 95586K, committed 95824K, reserved 1132544K
  class space    used 12034K, capacity 13020K, committed 13056K, reserved 1048576K
}
Event: 36.779 GC heap before
{Heap before GC invocations=54 (full 0):
 garbage-first heap   total 251904K, used 225223K [0x0000000080000000, 0x0000000100000000)
  region size 1024K, 12 young (12288K), 2 survivors (2048K)
 Metaspace       used 93225K, capacity 95842K, committed 95952K, reserved 1132544K
  class space    used 12060K, capacity 13077K, committed 13184K, reserved 1048576K
}
Event: 36.786 GC heap after
{Heap after GC invocations=55 (full 0):
 garbage-first heap   total 251904K, used 218425K [0x0000000080000000, 0x0000000100000000)
  region size 1024K, 2 young (2048K), 2 survivors (2048K)
 Metaspace       used 93225K, capacity 95842K, committed 95952K, reserved 1132544K
  class space    used 12060K, capacity 13077K, committed 13184K, reserved 1048576K
}
Event: 36.944 GC heap before
{Heap before GC invocations=55 (full 0):
 garbage-first heap   total 251904K, used 225593K [0x0000000080000000, 0x0000000100000000)
  region size 1024K, 12 young (12288K), 2 survivors (2048K)
 Metaspace       used 93793K, capacity 96416K, committed 96720K, reserved 1132544K
  class space    used 12104K, capacity 13113K, committed 13184K, reserved 1048576K
}
Event: 36.949 GC heap after
{Heap after GC invocations=56 (full 0):
 garbage-first heap   total 251904K, used 217398K [0x0000000080000000, 0x0000000100000000)
  region size 1024K, 1 young (1024K), 1 survivors (1024K)
 Metaspace       used 93793K, capacity 96416K, committed 96720K, reserved 1132544K
  class space    used 12104K, capacity 13113K, committed 13184K, reserved 1048576K
}
Event: 37.198 GC heap before
{Heap before GC invocations=57 (full 0):
 garbage-first heap   total 251904K, used 229686K [0x0000000080000000, 0x0000000100000000)
  region size 1024K, 12 young (12288K), 1 survivors (1024K)
 Metaspace       used 95356K, capacity 98022K, committed 98128K, reserved 1134592K
  class space    used 12230K, capacity 13243K, committed 13312K, reserved 1048576K
}

